{
  "RSpec": {
    "coverage": {
      "/Users/jennymalmefeldt/legacy_code_august_team_2_2020/app/models/user.rb": [
        1,
        null,
        null,
        1,
        null,
        null,
        1,
        1,
        1,
        null,
        1,
        null,
        1,
        0,
        null,
        null,
        1,
        0,
        null,
        null
      ],
      "/Users/jennymalmefeldt/legacy_code_august_team_2_2020/app/models/application_record.rb": [
        1,
        1,
        null
      ],
      "/Users/jennymalmefeldt/legacy_code_august_team_2_2020/app/helpers/application_helper.rb": [
        1,
        1,
        3,
        2,
        0,
        1,
        0,
        null,
        null,
        1,
        0,
        null,
        null
      ],
      "/Users/jennymalmefeldt/legacy_code_august_team_2_2020/app/helpers/mailbox_helper.rb": [
        1,
        1,
        null,
        null,
        0,
        null,
        null
      ],
      "/Users/jennymalmefeldt/legacy_code_august_team_2_2020/app/controllers/welcome_controller.rb": [
        1,
        1,
        null,
        null
      ],
      "/Users/jennymalmefeldt/legacy_code_august_team_2_2020/app/controllers/application_controller.rb": [
        1,
        null,
        null,
        1,
        null,
        1,
        null,
        1,
        null,
        1,
        null,
        1,
        0,
        null,
        null,
        1,
        0,
        null,
        null,
        1,
        null,
        1,
        7,
        null,
        null
      ],
      "/Users/jennymalmefeldt/legacy_code_august_team_2_2020/app/controllers/mailbox_controller.rb": [
        0,
        0,
        null,
        0,
        0,
        0,
        0,
        null,
        0,
        0,
        0,
        0,
        null,
        0,
        0,
        0,
        0,
        0
      ],
      "/Users/jennymalmefeldt/legacy_code_august_team_2_2020/app/controllers/conversations_controller.rb": [
        0,
        0,
        null,
        0,
        0,
        null,
        0,
        0,
        0,
        0,
        0,
        0,
        null,
        0,
        0,
        null,
        0,
        0,
        null,
        0,
        0,
        0,
        0,
        0,
        null,
        0,
        0,
        0,
        0,
        null,
        0,
        0,
        0,
        0,
        null,
        0,
        null,
        0,
        0,
        0,
        null,
        0,
        0,
        0,
        null,
        0
      ]
    },
    "timestamp": 1599739711
  }
}
